example/output_files/3_10_1.jnas.out
31 52 9 12 86 3 91 97 62 33 80 
example/output_files/3_10_2.jnas.out -1859.8
example/output_files/3_11_2.jnas.out -2128.33
example/output_files/3_12_2.jnas.out -2153.45
example/output_files/3_13_2.jnas.out -2077.59
example/output_files/3_14_2.jnas.out -2212.14
example/output_files/3_15_2.jnas.out -2042.34
example/output_files/3_16_2.jnas.out -2058.33
example/output_files/3_17_2.jnas.out -2095.3
example/output_files/3_18_2.jnas.out -2038.88
example/output_files/3_19_2.jnas.out -2141.89
example/output_files/3_1_2.jnas.out -2186.7
example/output_files/3_20_2.jnas.out -2199.66
example/output_files/3_2_2.jnas.out -2100.48
example/output_files/3_3_2.jnas.out -2133.03
example/output_files/3_4_2.jnas.out -2099.41
example/output_files/3_5_2.jnas.out -2203.39
example/output_files/3_6_2.jnas.out -2160.38
example/output_files/3_7_2.jnas.out -2184.01
example/output_files/3_8_2.jnas.out -2143.58
example/output_files/3_9_2.jnas.out -2209.82
