example/output_files/3_11_1.jnas.out
70 23 84 12 39 91 97 15 
example/output_files/3_10_2.jnas.out -1702.45
example/output_files/3_11_2.jnas.out -1587.9
example/output_files/3_12_2.jnas.out -1686.49
example/output_files/3_13_2.jnas.out -1771.27
example/output_files/3_14_2.jnas.out -1894.08
example/output_files/3_15_2.jnas.out -1783.27
example/output_files/3_16_2.jnas.out -1735.4
example/output_files/3_17_2.jnas.out -1678.1
example/output_files/3_18_2.jnas.out -1702.75
example/output_files/3_19_2.jnas.out -1814.16
example/output_files/3_1_2.jnas.out -1817.67
example/output_files/3_20_2.jnas.out -1802.06
example/output_files/3_2_2.jnas.out -1800.52
example/output_files/3_3_2.jnas.out -1752.67
example/output_files/3_4_2.jnas.out -1713.72
example/output_files/3_5_2.jnas.out -1678.45
example/output_files/3_6_2.jnas.out -1725.65
example/output_files/3_7_2.jnas.out -1718.48
example/output_files/3_8_2.jnas.out -1871.88
example/output_files/3_9_2.jnas.out -1898.45
