example/output_files/3_12_1.jnas.out
48 85 75 36 9 53 39 72 
example/output_files/3_10_2.jnas.out -2236.27
example/output_files/3_11_2.jnas.out -2232.82
example/output_files/3_12_2.jnas.out -1768.69
example/output_files/3_13_2.jnas.out -2278.18
example/output_files/3_14_2.jnas.out -2423.75
example/output_files/3_15_2.jnas.out -2190
example/output_files/3_16_2.jnas.out -2017.97
example/output_files/3_17_2.jnas.out -2024.48
example/output_files/3_18_2.jnas.out -2262.6
example/output_files/3_19_2.jnas.out -2261.35
example/output_files/3_1_2.jnas.out -2293.85
example/output_files/3_20_2.jnas.out -2083.44
example/output_files/3_2_2.jnas.out -2198.78
example/output_files/3_3_2.jnas.out -2314.58
example/output_files/3_4_2.jnas.out -2202.14
example/output_files/3_5_2.jnas.out -2100.84
example/output_files/3_6_2.jnas.out -2257.82
example/output_files/3_7_2.jnas.out -2052.26
example/output_files/3_8_2.jnas.out -2457.68
example/output_files/3_9_2.jnas.out -2308.81
