example/output_files/3_13_1.jnas.out
84 2 31 52 85 75 96 84 
example/output_files/3_10_2.jnas.out -2101.61
example/output_files/3_11_2.jnas.out -2096.67
example/output_files/3_12_2.jnas.out -2080.75
example/output_files/3_13_2.jnas.out -1974.2
example/output_files/3_14_2.jnas.out -2263.05
example/output_files/3_15_2.jnas.out -2131.02
example/output_files/3_16_2.jnas.out -2086.07
example/output_files/3_17_2.jnas.out -2088.77
example/output_files/3_18_2.jnas.out -2115.96
example/output_files/3_19_2.jnas.out -1968.32
example/output_files/3_1_2.jnas.out -2220.56
example/output_files/3_20_2.jnas.out -2102.92
example/output_files/3_2_2.jnas.out -2119.17
example/output_files/3_3_2.jnas.out -2135.81
example/output_files/3_4_2.jnas.out -2018.05
example/output_files/3_5_2.jnas.out -2052.13
example/output_files/3_6_2.jnas.out -2223.57
example/output_files/3_7_2.jnas.out -2101.92
example/output_files/3_8_2.jnas.out -2177.44
example/output_files/3_9_2.jnas.out -2213.86
