example/output_files/3_14_1.jnas.out
66 91 97 16 13 59 67 
example/output_files/3_10_2.jnas.out -2262.28
example/output_files/3_11_2.jnas.out -2337.14
example/output_files/3_12_2.jnas.out -2679.99
example/output_files/3_13_2.jnas.out -2528.82
example/output_files/3_14_2.jnas.out -1764.71
example/output_files/3_15_2.jnas.out -2350.1
example/output_files/3_16_2.jnas.out -2402.06
example/output_files/3_17_2.jnas.out -2495.11
example/output_files/3_18_2.jnas.out -2085.49
example/output_files/3_19_2.jnas.out -2535.51
example/output_files/3_1_2.jnas.out -2517.59
example/output_files/3_20_2.jnas.out -2687.71
example/output_files/3_2_2.jnas.out -2335.78
example/output_files/3_3_2.jnas.out -2539.44
example/output_files/3_4_2.jnas.out -2389.93
example/output_files/3_5_2.jnas.out -2489.99
example/output_files/3_6_2.jnas.out -2024.54
example/output_files/3_7_2.jnas.out -2640.85
example/output_files/3_8_2.jnas.out -1962.2
example/output_files/3_9_2.jnas.out -2452.67
