example/output_files/3_15_1.jnas.out
48 9 78 15 95 3 91 15 
example/output_files/3_10_2.jnas.out -2129.17
example/output_files/3_11_2.jnas.out -2243.01
example/output_files/3_12_2.jnas.out -2039.85
example/output_files/3_13_2.jnas.out -2226.1
example/output_files/3_14_2.jnas.out -2317.11
example/output_files/3_15_2.jnas.out -1947.3
example/output_files/3_16_2.jnas.out -2176.34
example/output_files/3_17_2.jnas.out -2134.24
example/output_files/3_18_2.jnas.out -2139.77
example/output_files/3_19_2.jnas.out -2318.03
example/output_files/3_1_2.jnas.out -2343.08
example/output_files/3_20_2.jnas.out -2177.63
example/output_files/3_2_2.jnas.out -2196
example/output_files/3_3_2.jnas.out -2074.76
example/output_files/3_4_2.jnas.out -2143.46
example/output_files/3_5_2.jnas.out -2178.07
example/output_files/3_6_2.jnas.out -2301.49
example/output_files/3_7_2.jnas.out -2088.1
example/output_files/3_8_2.jnas.out -2441.5
example/output_files/3_9_2.jnas.out -2206.53
