example/output_files/3_16_1.jnas.out
75 48 9 56 68 13 53 
example/output_files/3_10_2.jnas.out -1934.85
example/output_files/3_11_2.jnas.out -2055.14
example/output_files/3_12_2.jnas.out -1865.78
example/output_files/3_13_2.jnas.out -1934.52
example/output_files/3_14_2.jnas.out -1988.9
example/output_files/3_15_2.jnas.out -1900.38
example/output_files/3_16_2.jnas.out -1777.43
example/output_files/3_17_2.jnas.out -2025.09
example/output_files/3_18_2.jnas.out -2150.63
example/output_files/3_19_2.jnas.out -2147.08
example/output_files/3_1_2.jnas.out -2014.05
example/output_files/3_20_2.jnas.out -1961.29
example/output_files/3_2_2.jnas.out -1841.89
example/output_files/3_3_2.jnas.out -2125.92
example/output_files/3_4_2.jnas.out -1960.83
example/output_files/3_5_2.jnas.out -1939.81
example/output_files/3_6_2.jnas.out -2026.46
example/output_files/3_7_2.jnas.out -1916.26
example/output_files/3_8_2.jnas.out -2066.93
example/output_files/3_9_2.jnas.out -2027.06
