example/output_files/3_17_1.jnas.out
6 71 36 52 85 86 39 91 
example/output_files/3_10_2.jnas.out -2301.34
example/output_files/3_11_2.jnas.out -2392.48
example/output_files/3_12_2.jnas.out -2108.16
example/output_files/3_13_2.jnas.out -2297.01
example/output_files/3_14_2.jnas.out -2535.47
example/output_files/3_15_2.jnas.out -2314.64
example/output_files/3_16_2.jnas.out -2267.71
example/output_files/3_17_2.jnas.out -2022.72
example/output_files/3_18_2.jnas.out -2372.73
example/output_files/3_19_2.jnas.out -2389.7
example/output_files/3_1_2.jnas.out -2371.9
example/output_files/3_20_2.jnas.out -2249.17
example/output_files/3_2_2.jnas.out -2301.26
example/output_files/3_3_2.jnas.out -2427.49
example/output_files/3_4_2.jnas.out -2201.61
example/output_files/3_5_2.jnas.out -2324.34
example/output_files/3_6_2.jnas.out -2279.38
example/output_files/3_7_2.jnas.out -2240.71
example/output_files/3_8_2.jnas.out -2450.46
example/output_files/3_9_2.jnas.out -2529.45
