example/output_files/3_18_1.jnas.out
31 52 9 10 39 76 
example/output_files/3_10_2.jnas.out -1908.52
example/output_files/3_11_2.jnas.out -1939.15
example/output_files/3_12_2.jnas.out -1659.81
example/output_files/3_13_2.jnas.out -1812.79
example/output_files/3_14_2.jnas.out -1936.38
example/output_files/3_15_2.jnas.out -1924.86
example/output_files/3_16_2.jnas.out -1772.7
example/output_files/3_17_2.jnas.out -1799.26
example/output_files/3_18_2.jnas.out -1659.06
example/output_files/3_19_2.jnas.out -1967.1
example/output_files/3_1_2.jnas.out -2049.42
example/output_files/3_20_2.jnas.out -1713.3
example/output_files/3_2_2.jnas.out -1767.98
example/output_files/3_3_2.jnas.out -1927.55
example/output_files/3_4_2.jnas.out -1857.65
example/output_files/3_5_2.jnas.out -1936.28
example/output_files/3_6_2.jnas.out -1976.82
example/output_files/3_7_2.jnas.out -1664.01
example/output_files/3_8_2.jnas.out -2061.19
example/output_files/3_9_2.jnas.out -1976.15
