example/output_files/3_20_1.jnas.out
78 87 34 98 96 
example/output_files/3_10_2.jnas.out -1941.84
example/output_files/3_11_2.jnas.out -2031.89
example/output_files/3_12_2.jnas.out -1949.32
example/output_files/3_13_2.jnas.out -1835.61
example/output_files/3_14_2.jnas.out -2078.23
example/output_files/3_15_2.jnas.out -1932.53
example/output_files/3_16_2.jnas.out -1980.95
example/output_files/3_17_2.jnas.out -1903.92
example/output_files/3_18_2.jnas.out -1888.22
example/output_files/3_19_2.jnas.out -1839.68
example/output_files/3_1_2.jnas.out -1974.03
example/output_files/3_20_2.jnas.out -1835.47
example/output_files/3_2_2.jnas.out -1861.43
example/output_files/3_3_2.jnas.out -1845.18
example/output_files/3_4_2.jnas.out -1835.22
example/output_files/3_5_2.jnas.out -1949.62
example/output_files/3_6_2.jnas.out -2217.95
example/output_files/3_7_2.jnas.out -1897.7
example/output_files/3_8_2.jnas.out -1995.49
example/output_files/3_9_2.jnas.out -1790.7
