example/output_files/3_2_1.jnas.out
75 36 7 31 52 9 10 59 
example/output_files/3_10_2.jnas.out -2563.59
example/output_files/3_11_2.jnas.out -2705.54
example/output_files/3_12_2.jnas.out -2295.87
example/output_files/3_13_2.jnas.out -2407.44
example/output_files/3_14_2.jnas.out -2605.18
example/output_files/3_15_2.jnas.out -2355.77
example/output_files/3_16_2.jnas.out -2296.61
example/output_files/3_17_2.jnas.out -2602
example/output_files/3_18_2.jnas.out -2781.79
example/output_files/3_19_2.jnas.out -2739.92
example/output_files/3_1_2.jnas.out -2523.57
example/output_files/3_20_2.jnas.out -2450.63
example/output_files/3_2_2.jnas.out -2111.22
example/output_files/3_3_2.jnas.out -2672.46
example/output_files/3_4_2.jnas.out -2468.57
example/output_files/3_5_2.jnas.out -2476.44
example/output_files/3_6_2.jnas.out -2722.69
example/output_files/3_7_2.jnas.out -2261.51
example/output_files/3_8_2.jnas.out -2706.17
example/output_files/3_9_2.jnas.out -2490.18
