example/output_files/3_3_1.jnas.out
40 51 62 33 42 51 20 
example/output_files/3_10_2.jnas.out -2259.71
example/output_files/3_11_2.jnas.out -2287.78
example/output_files/3_12_2.jnas.out -2445.18
example/output_files/3_13_2.jnas.out -2271.32
example/output_files/3_14_2.jnas.out -2356.24
example/output_files/3_15_2.jnas.out -2324.67
example/output_files/3_16_2.jnas.out -2321.17
example/output_files/3_17_2.jnas.out -2551.19
example/output_files/3_18_2.jnas.out -2384.22
example/output_files/3_19_2.jnas.out -2351.23
example/output_files/3_1_2.jnas.out -2219.2
example/output_files/3_20_2.jnas.out -2320.73
example/output_files/3_2_2.jnas.out -2346.26
example/output_files/3_3_2.jnas.out -2218.48
example/output_files/3_4_2.jnas.out -2293.59
example/output_files/3_5_2.jnas.out -2318.92
example/output_files/3_6_2.jnas.out -2544.21
example/output_files/3_7_2.jnas.out -2402.28
example/output_files/3_8_2.jnas.out -2280.34
example/output_files/3_9_2.jnas.out -2257.78
