example/output_files/3_4_1.jnas.out
68 13 56 68 78 30 82 85 
example/output_files/3_10_2.jnas.out -2159.72
example/output_files/3_11_2.jnas.out -2136.64
example/output_files/3_12_2.jnas.out -2229.13
example/output_files/3_13_2.jnas.out -2084.39
example/output_files/3_14_2.jnas.out -2268.39
example/output_files/3_15_2.jnas.out -2220.52
example/output_files/3_16_2.jnas.out -2178.76
example/output_files/3_17_2.jnas.out -2273.78
example/output_files/3_18_2.jnas.out -2183.78
example/output_files/3_19_2.jnas.out -2128.89
example/output_files/3_1_2.jnas.out -2214.41
example/output_files/3_20_2.jnas.out -2162.62
example/output_files/3_2_2.jnas.out -2211.6
example/output_files/3_3_2.jnas.out -2181.18
example/output_files/3_4_2.jnas.out -1956.2
example/output_files/3_5_2.jnas.out -2219.04
example/output_files/3_6_2.jnas.out -2300.73
example/output_files/3_7_2.jnas.out -2211.2
example/output_files/3_8_2.jnas.out -2156.93
example/output_files/3_9_2.jnas.out -2242.2
