example/output_files/3_5_1.jnas.out
27 96 34 2 36 82 34 2 57 67 
example/output_files/3_10_2.jnas.out -2243.69
example/output_files/3_11_2.jnas.out -2314.81
example/output_files/3_12_2.jnas.out -2231.53
example/output_files/3_13_2.jnas.out -2328.89
example/output_files/3_14_2.jnas.out -2405.3
example/output_files/3_15_2.jnas.out -2276.76
example/output_files/3_16_2.jnas.out -2203.41
example/output_files/3_17_2.jnas.out -2224.16
example/output_files/3_18_2.jnas.out -2382.75
example/output_files/3_19_2.jnas.out -2345.09
example/output_files/3_1_2.jnas.out -2268.25
example/output_files/3_20_2.jnas.out -2364.52
example/output_files/3_2_2.jnas.out -2119.7
example/output_files/3_3_2.jnas.out -2366.28
example/output_files/3_4_2.jnas.out -2266
example/output_files/3_5_2.jnas.out -2004.9
example/output_files/3_6_2.jnas.out -2345.27
example/output_files/3_7_2.jnas.out -2221.2
example/output_files/3_8_2.jnas.out -2402.97
example/output_files/3_9_2.jnas.out -2325.84
