example/output_files/3_6_1.jnas.out
39 72 71 86 23 59 
example/output_files/3_10_2.jnas.out -2015.19
example/output_files/3_11_2.jnas.out -2115.61
example/output_files/3_12_2.jnas.out -2108.15
example/output_files/3_13_2.jnas.out -2266.48
example/output_files/3_14_2.jnas.out -1827.86
example/output_files/3_15_2.jnas.out -2032.66
example/output_files/3_16_2.jnas.out -2005.51
example/output_files/3_17_2.jnas.out -1974.3
example/output_files/3_18_2.jnas.out -1851.19
example/output_files/3_19_2.jnas.out -2224.92
example/output_files/3_1_2.jnas.out -2084.38
example/output_files/3_20_2.jnas.out -2234.99
example/output_files/3_2_2.jnas.out -1992.68
example/output_files/3_3_2.jnas.out -2176.41
example/output_files/3_4_2.jnas.out -2031.55
example/output_files/3_5_2.jnas.out -2186.09
example/output_files/3_6_2.jnas.out -1581.15
example/output_files/3_7_2.jnas.out -2226.97
example/output_files/3_8_2.jnas.out -1902.27
example/output_files/3_9_2.jnas.out -2223.42
