example/output_files/3_7_1.jnas.out
26 55 44 32 42 31 82 53 72 
example/output_files/3_10_2.jnas.out -2332.39
example/output_files/3_11_2.jnas.out -2318.85
example/output_files/3_12_2.jnas.out -2171.94
example/output_files/3_13_2.jnas.out -2236.03
example/output_files/3_14_2.jnas.out -2510.35
example/output_files/3_15_2.jnas.out -2324.74
example/output_files/3_16_2.jnas.out -2286.02
example/output_files/3_17_2.jnas.out -2190.34
example/output_files/3_18_2.jnas.out -2438.18
example/output_files/3_19_2.jnas.out -2324.9
example/output_files/3_1_2.jnas.out -2232.3
example/output_files/3_20_2.jnas.out -2136.54
example/output_files/3_2_2.jnas.out -2153.67
example/output_files/3_3_2.jnas.out -2371.98
example/output_files/3_4_2.jnas.out -2149.07
example/output_files/3_5_2.jnas.out -2080.33
example/output_files/3_6_2.jnas.out -2425.46
example/output_files/3_7_2.jnas.out -1864.75
example/output_files/3_8_2.jnas.out -2316.83
example/output_files/3_9_2.jnas.out -2265.15
