example/output_files/3_8_1.jnas.out
66 91 97 16 62 33 99 
example/output_files/3_10_2.jnas.out -1775.07
example/output_files/3_11_2.jnas.out -2046.08
example/output_files/3_12_2.jnas.out -2381.21
example/output_files/3_13_2.jnas.out -2158.1
example/output_files/3_14_2.jnas.out -1924.26
example/output_files/3_15_2.jnas.out -2189.93
example/output_files/3_16_2.jnas.out -2175.61
example/output_files/3_17_2.jnas.out -2206.35
example/output_files/3_18_2.jnas.out -2123.98
example/output_files/3_19_2.jnas.out -2051.89
example/output_files/3_1_2.jnas.out -2149.35
example/output_files/3_20_2.jnas.out -2417.14
example/output_files/3_2_2.jnas.out -2201.75
example/output_files/3_3_2.jnas.out -2264.17
example/output_files/3_4_2.jnas.out -2113.34
example/output_files/3_5_2.jnas.out -2296.67
example/output_files/3_6_2.jnas.out -2082.43
example/output_files/3_7_2.jnas.out -2278.26
example/output_files/3_8_2.jnas.out -1627.25
example/output_files/3_9_2.jnas.out -2323.11
