example/output_files/3_9_1.jnas.out
48 87 32 35 67 
example/output_files/3_10_2.jnas.out -2098.96
example/output_files/3_11_2.jnas.out -2191.36
example/output_files/3_12_2.jnas.out -2054.82
example/output_files/3_13_2.jnas.out -2119.36
example/output_files/3_14_2.jnas.out -2121.6
example/output_files/3_15_2.jnas.out -1934.75
example/output_files/3_16_2.jnas.out -2100.02
example/output_files/3_17_2.jnas.out -2246.92
example/output_files/3_18_2.jnas.out -2240.38
example/output_files/3_19_2.jnas.out -2196.82
example/output_files/3_1_2.jnas.out -2038.14
example/output_files/3_20_2.jnas.out -2056.65
example/output_files/3_2_2.jnas.out -1966.31
example/output_files/3_3_2.jnas.out -2213.67
example/output_files/3_4_2.jnas.out -2193.3
example/output_files/3_5_2.jnas.out -2154.46
example/output_files/3_6_2.jnas.out -2184.69
example/output_files/3_7_2.jnas.out -2137.33
example/output_files/3_8_2.jnas.out -2122.11
example/output_files/3_9_2.jnas.out -1813.32
